<?xml version="1.0" encoding="UTF-8"?>
<testng-results ignored="0" total="1" passed="1" failed="0" skipped="0">
  <reporter-output>
  </reporter-output>
  <suite started-at="2022-11-15T17:08:54 CET" name="Default suite" finished-at="2022-11-15T17:08:54 CET" duration-ms="40">
    <groups>
    </groups>
    <test started-at="2022-11-15T17:08:54 CET" name="Default test" finished-at="2022-11-15T17:08:54 CET" duration-ms="40">
      <class name="com.dps.git.DpsGitTry">
        <test-method signature="try_01()[pri:0, instance:com.dps.git.DpsGitTry@1a18644]" started-at="2022-11-15T17:08:54 CET" name="try_01" finished-at="2022-11-15T17:08:54 CET" duration-ms="6" status="PASS">
          <reporter-output>
          </reporter-output>
        </test-method> <!-- try_01 -->
      </class> <!-- com.dps.git.DpsGitTry -->
    </test> <!-- Default test -->
  </suite> <!-- Default suite -->
</testng-results>
